<?xml version="1.0" encoding="UTF-8"?>
<testsuite xmlns:xsi="http://www.w3.org/2001/XMLSchema-instance" xsi:noNamespaceSchemaLocation="https://maven.apache.org/surefire/maven-surefire-plugin/xsd/surefire-test-report.xsd" name="testRunner.TestRunner" time="2.14" tests="3" errors="0" skipped="0" failures="0">
  <properties>
[...]
</properties>
  <testcase name="Adding a user" classname="To test add, edit and delete user" time="0.519"/>
  <testcase name="Editing the user" classname="To test add, edit and delete user" time="0.092"/>
  <testcase name="Deleting the user" classname="To test add, edit and delete user" time="0.063"/>
</testsuite>