<?xml version="1.0" encoding="UTF-8"?>
<testsuite xmlns:xsi="http://www.w3.org/2001/XMLSchema-instance" xsi:noNamespaceSchemaLocation="https://maven.apache.org/surefire/maven-surefire-plugin/xsd/surefire-test-report.xsd" name="testRunner.TestRunner" time="61.382" tests="5" errors="1" skipped="0" failures="0">
  <properties>
[...]
</properties>
  <testcase name="Logo presence on OrangeHRM home page" classname="Check login page feature for OrangeHRM" time="13.04"/>
  <testcase name="Login to OrangeHRM with valid credentials #1" classname="Check login page feature for OrangeHRM" time="11.109"/>
  <testcase name="Login to OrangeHRM with valid credentials #2" classname="Check login page feature for OrangeHRM" time="14.543"/>
  <testcase name="Login to OrangeHRM with valid credentials #3" classname="Check login page feature for OrangeHRM" time="8.224">
    <error message="no such element: Unable to locate element: {&quot;method&quot;:&quot;xpath&quot;,&quot;selector&quot;:&quot;//*[@id=&quot;content&quot;]/div/div[1]/h1&quot;}&#10;  (Session info: chrome=84.0.4147.105)&#10;For documentation on this error, please visit: https://selenium.dev/exceptions/#no_such_element&#10;Build info: version: &apos;4.0.0-alpha-5&apos;, revision: &apos;b3a0d621cc&apos;&#10;System info: host: &apos;DESKTOP-GL0QD93&apos;, ip: &apos;192.168.0.123&apos;, os.name: &apos;Windows 10&apos;, os.arch: &apos;amd64&apos;, os.version: &apos;10.0&apos;, java.version: &apos;1.8.0_221&apos;&#10;Driver info: org.openqa.selenium.chrome.ChromeDriver&#10;Capabilities {acceptInsecureCerts: false, browserName: chrome, browserVersion: 84.0.4147.105, chrome: {chromedriverVersion: 83.0.4103.39 (ccbf011cb2d2b..., userDataDir: C:\Users\14165\AppData\Loca...}, goog:chromeOptions: {debuggerAddress: localhost:58396}, javascriptEnabled: true, networkConnectionEnabled: false, pageLoadStrategy: normal, platform: WINDOWS, platformName: WINDOWS, proxy: Proxy(), setWindowRect: true, strictFileInteractability: false, timeouts: {implicit: 0, pageLoad: 300000, script: 30000}, unhandledPromptBehavior: dismiss and notify, webauthn:virtualAuthenticators: true}&#10;Session ID: 24742c5e5d1e7764b775d52cdca59da3&#10;*** Element info: {Using=xpath, value=//*[@id=&quot;content&quot;]/div/div[1]/h1}" type="org.openqa.selenium.NoSuchElementException">org.openqa.selenium.NoSuchElementException: 
no such element: Unable to locate element: {"method":"xpath","selector":"//*[@id="content"]/div/div[1]/h1"}
  (Session info: chrome=84.0.4147.105)
For documentation on this error, please visit: https://selenium.dev/exceptions/#no_such_element
Build info: version: '4.0.0-alpha-5', revision: 'b3a0d621cc'
System info: host: 'DESKTOP-GL0QD93', ip: '192.168.0.123', os.name: 'Windows 10', os.arch: 'amd64', os.version: '10.0', java.version: '1.8.0_221'
Driver info: org.openqa.selenium.chrome.ChromeDriver
Capabilities {acceptInsecureCerts: false, browserName: chrome, browserVersion: 84.0.4147.105, chrome: {chromedriverVersion: 83.0.4103.39 (ccbf011cb2d2b..., userDataDir: C:\Users\14165\AppData\Loca...}, goog:chromeOptions: {debuggerAddress: localhost:58396}, javascriptEnabled: true, networkConnectionEnabled: false, pageLoadStrategy: normal, platform: WINDOWS, platformName: WINDOWS, proxy: Proxy(), setWindowRect: true, strictFileInteractability: false, timeouts: {implicit: 0, pageLoad: 300000, script: 30000}, unhandledPromptBehavior: dismiss and notify, webauthn:virtualAuthenticators: true}
Session ID: 24742c5e5d1e7764b775d52cdca59da3
*** Element info: {Using=xpath, value=//*[@id="content"]/div/div[1]/h1}
</error>
    <system-out><![CDATA[
Scenario Outline: Login to OrangeHRM with valid credentials &amp#27;[90m# Features/OrangeHRMLogin_Background.feature:31&amp#27;[0m
Launching Browser
Login into  Application
[DEBUG] Entry count for : http://localhost:28018 : 1
[DEBUG] Entry count for : http://localhost:1918 : 1
[DEBUG] Entry count for : http://localhost:22946 : 1
[DEBUG] Using new Channel '[id: 0xc481563c, L:/127.0.0.1:58395 - R:localhost/127.0.0.1:31251]' for 'POST' to '/session'
[DEBUG] Entry count for : http://localhost:28018 : 1
[DEBUG] Entry count for : http://localhost:1918 : 1
[DEBUG] Entry count for : http://localhost:22946 : 1
[DEBUG] Entry count for : http://localhost:28018 : 1
[DEBUG] Entry count for : http://localhost:1918 : 1
[DEBUG] Entry count for : http://localhost:22946 : 1
[DEBUG] 

Request DefaultHttpRequest(decodeResult: success, version: HTTP/1.1)
POST /session HTTP/1.1
User-Agent: selenium/4.0.0-alpha-5 (java windows)
Content-Length: 365
Content-Type: application/json; charset=utf-8
host: localhost:31251
accept: */*

Response DefaultHttpResponse(decodeResult: success, version: HTTP/1.1)
HTTP/1.1 200 OK
Content-Length: 717
Content-Type: application/json; charset=utf-8
cache-control: no-cache

[DEBUG] Adding key: http://localhost:31251 for channel [id: 0xc481563c, L:/127.0.0.1:58395 - R:localhost/127.0.0.1:31251]
[DEBUG] Using new Channel '[id: 0xd1b94b9c, L:/127.0.0.1:58405 - R:localhost/127.0.0.1:58396]' for 'GET' to '/json/version'
[DEBUG] 

Request DefaultFullHttpRequest(decodeResult: success, version: HTTP/1.1, content: EmptyByteBufBE)
GET /json/version HTTP/1.1
User-Agent: selenium/4.0.0-alpha-5 (java windows)
host: localhost:58396
accept: */*

Response DefaultHttpResponse(decodeResult: success, version: HTTP/1.1)
HTTP/1.1 200 OK
Content-Length: 426
Content-Type: application/json; charset=UTF-8

[DEBUG] Adding key: http://localhost:58396 for channel [id: 0xd1b94b9c, L:/127.0.0.1:58405 - R:localhost/127.0.0.1:58396]
[DEBUG] Using new Channel '[id: 0x5b7ad52b, L:/127.0.0.1:58406 - R:localhost/127.0.0.1:58396]' for 'GET' to '/devtools/browser/3ff085d9-2293-4837-a72a-05f00f792297'
[DEBUG] 

Request DefaultFullHttpRequest(decodeResult: success, version: HTTP/1.1, content: EmptyByteBufBE)
GET /devtools/browser/3ff085d9-2293-4837-a72a-05f00f792297 HTTP/1.1
upgrade: websocket
connection: upgrade
sec-websocket-key: QnI2yI86TWPD3tVrIinWRA==
sec-websocket-version: 13
origin: http://localhost:58396
host: localhost:58396
accept: */*
user-agent: AHC/2.1

Response DefaultHttpResponse(decodeResult: success, version: HTTP/1.1)
HTTP/1.1 101 WebSocket Protocol Handshake
Upgrade: WebSocket
Connection: Upgrade
Sec-WebSocket-Accept: TqgWkyBZiPSmqwedOPbRQToV1Q8=

[DEBUG] Using pooled Channel '[id: 0xc481563c, L:/127.0.0.1:58395 - R:localhost/127.0.0.1:31251]' for 'POST' to 'http://localhost:31251/session/24742c5e5d1e7764b775d52cdca59da3/window/maximize'
[DEBUG] Using open Channel [id: 0xc481563c, L:/127.0.0.1:58395 - R:localhost/127.0.0.1:31251] for POST '/session/24742c5e5d1e7764b775d52cdca59da3/window/maximize'
[DEBUG] Entry count for : http://localhost:28018 : 1
[DEBUG] Entry count for : http://localhost:1918 : 1
[DEBUG] Entry count for : http://localhost:22946 : 1
[DEBUG] Entry count for : http://localhost:58396 : 1
[DEBUG] Entry count for : http://localhost:28018 : 1
[DEBUG] Entry count for : http://localhost:1918 : 1
[DEBUG] Entry count for : http://localhost:22946 : 1
[DEBUG] Entry count for : http://localhost:58396 : 1
[DEBUG] 

Request DefaultHttpRequest(decodeResult: success, version: HTTP/1.1)
POST /session/24742c5e5d1e7764b775d52cdca59da3/window/maximize HTTP/1.1
User-Agent: selenium/4.0.0-alpha-5 (java windows)
Content-Length: 3
Content-Type: application/json; charset=utf-8
host: localhost:31251
accept: */*

Response DefaultHttpResponse(decodeResult: success, version: HTTP/1.1)
HTTP/1.1 200 OK
Content-Length: 52
Content-Type: application/json; charset=utf-8
cache-control: no-cache

[DEBUG] Adding key: http://localhost:31251 for channel [id: 0xc481563c, L:/127.0.0.1:58395 - R:localhost/127.0.0.1:31251]
  &amp#27;[32mGiven &amp#27;[0m&amp#27;[32mI launch Chrome browser&amp#27;[0m                             &amp#27;[90m# stepDefinition.OrangeHRMLoginSteps.i_launch_chrome_browser()&amp#27;[0m
[DEBUG] Using pooled Channel '[id: 0xc481563c, L:/127.0.0.1:58395 - R:localhost/127.0.0.1:31251]' for 'POST' to 'http://localhost:31251/session/24742c5e5d1e7764b775d52cdca59da3/url'
[DEBUG] Using open Channel [id: 0xc481563c, L:/127.0.0.1:58395 - R:localhost/127.0.0.1:31251] for POST '/session/24742c5e5d1e7764b775d52cdca59da3/url'
[DEBUG] Entry count for : http://localhost:28018 : 1
[DEBUG] Entry count for : http://localhost:1918 : 1
[DEBUG] Entry count for : http://localhost:22946 : 1
[DEBUG] Entry count for : http://localhost:58396 : 1
[DEBUG] 

Request DefaultHttpRequest(decodeResult: success, version: HTTP/1.1)
POST /session/24742c5e5d1e7764b775d52cdca59da3/url HTTP/1.1
User-Agent: selenium/4.0.0-alpha-5 (java windows)
Content-Length: 72
Content-Type: application/json; charset=utf-8
host: localhost:31251
accept: */*

Response DefaultHttpResponse(decodeResult: success, version: HTTP/1.1)
HTTP/1.1 200 OK
Content-Length: 14
Content-Type: application/json; charset=utf-8
cache-control: no-cache

[DEBUG] Adding key: http://localhost:31251 for channel [id: 0xc481563c, L:/127.0.0.1:58395 - R:localhost/127.0.0.1:31251]
[DEBUG] Entry count for : http://localhost:28018 : 1
[DEBUG] Entry count for : http://localhost:1918 : 1
[DEBUG] Entry count for : http://localhost:31251 : 1
[DEBUG] Entry count for : http://localhost:22946 : 1
[DEBUG] Entry count for : http://localhost:58396 : 1
  &amp#27;[32mWhen &amp#27;[0m&amp#27;[32mI open OrangeHRM home page&amp#27;[0m                           &amp#27;[90m# stepDefinition.OrangeHRMLoginSteps.i_open_orange_hrm_home_page()&amp#27;[0m
[DEBUG] Using pooled Channel '[id: 0xc481563c, L:/127.0.0.1:58395 - R:localhost/127.0.0.1:31251]' for 'POST' to 'http://localhost:31251/session/24742c5e5d1e7764b775d52cdca59da3/element'
[DEBUG] Using open Channel [id: 0xc481563c, L:/127.0.0.1:58395 - R:localhost/127.0.0.1:31251] for POST '/session/24742c5e5d1e7764b775d52cdca59da3/element'
[DEBUG] 

Request DefaultHttpRequest(decodeResult: success, version: HTTP/1.1)
POST /session/24742c5e5d1e7764b775d52cdca59da3/element HTTP/1.1
User-Agent: selenium/4.0.0-alpha-5 (java windows)
Content-Length: 56
Content-Type: application/json; charset=utf-8
host: localhost:31251
accept: */*

Response DefaultHttpResponse(decodeResult: success, version: HTTP/1.1)
HTTP/1.1 200 OK
Content-Length: 88
Content-Type: application/json; charset=utf-8
cache-control: no-cache

[DEBUG] Adding key: http://localhost:31251 for channel [id: 0xc481563c, L:/127.0.0.1:58395 - R:localhost/127.0.0.1:31251]
[DEBUG] Using pooled Channel '[id: 0xc481563c, L:/127.0.0.1:58395 - R:localhost/127.0.0.1:31251]' for 'POST' to 'http://localhost:31251/session/24742c5e5d1e7764b775d52cdca59da3/element/a2af4a61-3103-4216-bba5-57c53cdaf9a4/value'
[DEBUG] Using open Channel [id: 0xc481563c, L:/127.0.0.1:58395 - R:localhost/127.0.0.1:31251] for POST '/session/24742c5e5d1e7764b775d52cdca59da3/element/a2af4a61-3103-4216-bba5-57c53cdaf9a4/value'
[DEBUG] 

Request DefaultHttpRequest(decodeResult: success, version: HTTP/1.1)
POST /session/24742c5e5d1e7764b775d52cdca59da3/element/a2af4a61-3103-4216-bba5-57c53cdaf9a4/value HTTP/1.1
User-Agent: selenium/4.0.0-alpha-5 (java windows)
Content-Length: 151
Content-Type: application/json; charset=utf-8
host: localhost:31251
accept: */*

Response DefaultHttpResponse(decodeResult: success, version: HTTP/1.1)
HTTP/1.1 200 OK
Content-Length: 14
Content-Type: application/json; charset=utf-8
cache-control: no-cache

[DEBUG] Adding key: http://localhost:31251 for channel [id: 0xc481563c, L:/127.0.0.1:58395 - R:localhost/127.0.0.1:31251]
[DEBUG] Using pooled Channel '[id: 0xc481563c, L:/127.0.0.1:58395 - R:localhost/127.0.0.1:31251]' for 'POST' to 'http://localhost:31251/session/24742c5e5d1e7764b775d52cdca59da3/element'
[DEBUG] Using open Channel [id: 0xc481563c, L:/127.0.0.1:58395 - R:localhost/127.0.0.1:31251] for POST '/session/24742c5e5d1e7764b775d52cdca59da3/element'
[DEBUG] 

Request DefaultHttpRequest(decodeResult: success, version: HTTP/1.1)
POST /session/24742c5e5d1e7764b775d52cdca59da3/element HTTP/1.1
User-Agent: selenium/4.0.0-alpha-5 (java windows)
Content-Length: 56
Content-Type: application/json; charset=utf-8
host: localhost:31251
accept: */*

Response DefaultHttpResponse(decodeResult: success, version: HTTP/1.1)
HTTP/1.1 200 OK
Content-Length: 88
Content-Type: application/json; charset=utf-8
cache-control: no-cache

[DEBUG] Adding key: http://localhost:31251 for channel [id: 0xc481563c, L:/127.0.0.1:58395 - R:localhost/127.0.0.1:31251]
[DEBUG] Using pooled Channel '[id: 0xc481563c, L:/127.0.0.1:58395 - R:localhost/127.0.0.1:31251]' for 'POST' to 'http://localhost:31251/session/24742c5e5d1e7764b775d52cdca59da3/element/b7ae9d31-d327-4cae-9c02-191f0745210c/value'
[DEBUG] Using open Channel [id: 0xc481563c, L:/127.0.0.1:58395 - R:localhost/127.0.0.1:31251] for POST '/session/24742c5e5d1e7764b775d52cdca59da3/element/b7ae9d31-d327-4cae-9c02-191f0745210c/value'
[DEBUG] 

Request DefaultHttpRequest(decodeResult: success, version: HTTP/1.1)
POST /session/24742c5e5d1e7764b775d52cdca59da3/element/b7ae9d31-d327-4cae-9c02-191f0745210c/value HTTP/1.1
User-Agent: selenium/4.0.0-alpha-5 (java windows)
Content-Length: 161
Content-Type: application/json; charset=utf-8
host: localhost:31251
accept: */*

Response DefaultHttpResponse(decodeResult: success, version: HTTP/1.1)
HTTP/1.1 200 OK
Content-Length: 14
Content-Type: application/json; charset=utf-8
cache-control: no-cache

[DEBUG] Adding key: http://localhost:31251 for channel [id: 0xc481563c, L:/127.0.0.1:58395 - R:localhost/127.0.0.1:31251]
  &amp#27;[32mAnd &amp#27;[0m&amp#27;[32mEnter username &amp#27;[0m&amp#27;[32m&amp#27;[1m"admin12"&amp#27;[0m&amp#27;[32m and password &amp#27;[0m&amp#27;[32m&amp#27;[1m"admin123"&amp#27;[0m      &amp#27;[90m# stepDefinition.OrangeHRMLoginSteps.enter_username_and_password(java.lang.String,java.lang.String)&amp#27;[0m
[DEBUG] Using pooled Channel '[id: 0xc481563c, L:/127.0.0.1:58395 - R:localhost/127.0.0.1:31251]' for 'POST' to 'http://localhost:31251/session/24742c5e5d1e7764b775d52cdca59da3/element'
[DEBUG] Using open Channel [id: 0xc481563c, L:/127.0.0.1:58395 - R:localhost/127.0.0.1:31251] for POST '/session/24742c5e5d1e7764b775d52cdca59da3/element'
[DEBUG] 

Request DefaultHttpRequest(decodeResult: success, version: HTTP/1.1)
POST /session/24742c5e5d1e7764b775d52cdca59da3/element HTTP/1.1
User-Agent: selenium/4.0.0-alpha-5 (java windows)
Content-Length: 53
Content-Type: application/json; charset=utf-8
host: localhost:31251
accept: */*

Response DefaultHttpResponse(decodeResult: success, version: HTTP/1.1)
HTTP/1.1 200 OK
Content-Length: 88
Content-Type: application/json; charset=utf-8
cache-control: no-cache

[DEBUG] Adding key: http://localhost:31251 for channel [id: 0xc481563c, L:/127.0.0.1:58395 - R:localhost/127.0.0.1:31251]
[DEBUG] Using pooled Channel '[id: 0xc481563c, L:/127.0.0.1:58395 - R:localhost/127.0.0.1:31251]' for 'POST' to 'http://localhost:31251/session/24742c5e5d1e7764b775d52cdca59da3/element/25613dd9-f18a-43b7-becb-0c8d2747a642/click'
[DEBUG] Using open Channel [id: 0xc481563c, L:/127.0.0.1:58395 - R:localhost/127.0.0.1:31251] for POST '/session/24742c5e5d1e7764b775d52cdca59da3/element/25613dd9-f18a-43b7-becb-0c8d2747a642/click'
[DEBUG] Entry count for : http://localhost:28018 : 1
[DEBUG] Entry count for : http://localhost:1918 : 1
[DEBUG] Entry count for : http://localhost:22946 : 1
[DEBUG] Entry count for : http://localhost:58396 : 1
[DEBUG] 

Request DefaultHttpRequest(decodeResult: success, version: HTTP/1.1)
POST /session/24742c5e5d1e7764b775d52cdca59da3/element/25613dd9-f18a-43b7-becb-0c8d2747a642/click HTTP/1.1
User-Agent: selenium/4.0.0-alpha-5 (java windows)
Content-Length: 50
Content-Type: application/json; charset=utf-8
host: localhost:31251
accept: */*

Response DefaultHttpResponse(decodeResult: success, version: HTTP/1.1)
HTTP/1.1 200 OK
Content-Length: 14
Content-Type: application/json; charset=utf-8
cache-control: no-cache

[DEBUG] Adding key: http://localhost:31251 for channel [id: 0xc481563c, L:/127.0.0.1:58395 - R:localhost/127.0.0.1:31251]
  &amp#27;[32mAnd &amp#27;[0m&amp#27;[32mClick on login button&amp#27;[0m                                 &amp#27;[90m# stepDefinition.OrangeHRMLoginSteps.click_on_login_button()&amp#27;[0m
[DEBUG] Using pooled Channel '[id: 0xc481563c, L:/127.0.0.1:58395 - R:localhost/127.0.0.1:31251]' for 'POST' to 'http://localhost:31251/session/24742c5e5d1e7764b775d52cdca59da3/element'
[DEBUG] Using open Channel [id: 0xc481563c, L:/127.0.0.1:58395 - R:localhost/127.0.0.1:31251] for POST '/session/24742c5e5d1e7764b775d52cdca59da3/element'
[DEBUG] 

Request DefaultHttpRequest(decodeResult: success, version: HTTP/1.1)
POST /session/24742c5e5d1e7764b775d52cdca59da3/element HTTP/1.1
User-Agent: selenium/4.0.0-alpha-5 (java windows)
Content-Length: 96
Content-Type: application/json; charset=utf-8
host: localhost:31251
accept: */*

Response DefaultHttpResponse(decodeResult: success, version: HTTP/1.1)
HTTP/1.1 404 Not Found
Content-Length: 1066
Content-Type: application/json; charset=utf-8
cache-control: no-cache

[DEBUG] Adding key: http://localhost:31251 for channel [id: 0xc481563c, L:/127.0.0.1:58395 - R:localhost/127.0.0.1:31251]
  &amp#27;[31mThen &amp#27;[0m&amp#27;[31mUser must successfully login to the Dashboard page&amp#27;[0m   &amp#27;[90m# stepDefinition.OrangeHRMLoginSteps.user_must_successfully_login_to_the_dashboard_page()&amp#27;[0m
      &amp#27;[31morg.openqa.selenium.NoSuchElementException: no such element: Unable to locate element: {"method":"xpath","selector":"//*[@id="content"]/div/div[1]/h1"}
  (Session info: chrome=84.0.4147.105)
For documentation on this error, please visit: https://selenium.dev/exceptions/#no_such_element
Build info: version: '4.0.0-alpha-5', revision: 'b3a0d621cc'
System info: host: 'DESKTOP-GL0QD93', ip: '192.168.0.123', os.name: 'Windows 10', os.arch: 'amd64', os.version: '10.0', java.version: '1.8.0_221'
Driver info: org.openqa.selenium.chrome.ChromeDriver
Capabilities {acceptInsecureCerts: false, browserName: chrome, browserVersion: 84.0.4147.105, chrome: {chromedriverVersion: 83.0.4103.39 (ccbf011cb2d2b..., userDataDir: C:\Users\14165\AppData\Loca...}, goog:chromeOptions: {debuggerAddress: localhost:58396}, javascriptEnabled: true, networkConnectionEnabled: false, pageLoadStrategy: normal, platform: WINDOWS, platformName: WINDOWS, proxy: Proxy(), setWindowRect: true, strictFileInteractability: false, timeouts: {implicit: 0, pageLoad: 300000, script: 30000}, unhandledPromptBehavior: dismiss and notify, webauthn:virtualAuthenticators: true}
Session ID: 24742c5e5d1e7764b775d52cdca59da3
*** Element info: {Using=xpath, value=//*[@id="content"]/div/div[1]/h1}
	at sun.reflect.NativeConstructorAccessorImpl.newInstance0(Native Method)
	at sun.reflect.NativeConstructorAccessorImpl.newInstance(NativeConstructorAccessorImpl.java:62)
	at sun.reflect.DelegatingConstructorAccessorImpl.newInstance(DelegatingConstructorAccessorImpl.java:45)
	at java.lang.reflect.Constructor.newInstance(Constructor.java:423)
	at org.openqa.selenium.remote.codec.w3c.W3CHttpResponseCodec.createException(W3CHttpResponseCodec.java:196)
	at org.openqa.selenium.remote.codec.w3c.W3CHttpResponseCodec.decode(W3CHttpResponseCodec.java:129)
	at org.openqa.selenium.remote.codec.w3c.W3CHttpResponseCodec.decode(W3CHttpResponseCodec.java:53)
	at org.openqa.selenium.remote.HttpCommandExecutor.execute(HttpCommandExecutor.java:161)
	at org.openqa.selenium.remote.service.DriverCommandExecutor.execute(DriverCommandExecutor.java:83)
	at org.openqa.selenium.remote.RemoteWebDriver.execute(RemoteWebDriver.java:582)
	at org.openqa.selenium.remote.RemoteWebDriver.findElement(RemoteWebDriver.java:333)
	at org.openqa.selenium.remote.RemoteWebDriver.findElementByXPath(RemoteWebDriver.java:451)
	at org.openqa.selenium.By$ByXPath.findElement(By.java:394)
	at org.openqa.selenium.remote.RemoteWebDriver.findElement(RemoteWebDriver.java:325)
	at stepDefinition.OrangeHRMLoginSteps.user_must_successfully_login_to_the_dashboard_page(OrangeHRMLoginSteps.java:59)
	at âœ½.User must successfully login to the Dashboard page(file:///C:/sjDemo/Batch16CucumberUITests/Features/OrangeHRMLogin_Background.feature:26)
&amp#27;[0m
  &amp#27;[36mAnd &amp#27;[0m&amp#27;[36mClose browser&amp#27;[0m                                         &amp#27;[90m# stepDefinition.OrangeHRMLoginSteps.close_browser()&amp#27;[0m
Ending the test
]]></system-out>
    <system-err><![CDATA[Starting ChromeDriver 83.0.4103.39 (ccbf011cb2d2b19b506d844400483861342c20cd-refs/branch-heads/4103@{#416}) on port 31251
Only local connections are allowed.
Please see https://chromedriver.chromium.org/security-considerations for suggestions on keeping ChromeDriver safe.
ChromeDriver was started successfully.
[1596667276.022][WARNING]: This version of ChromeDriver has not been tested with Chrome version 84.
Aug 05, 2020 6:41:18 PM org.openqa.selenium.remote.ProtocolHandshake createSession
INFO: Detected dialect: W3C
]]></system-err>
  </testcase>
  <testcase name="Login to OrangeHRM with valid credentials #4" classname="Check login page feature for OrangeHRM" time="12.358"/>
</testsuite>